2020-08-20 10:21:13,406 [Worker-4: Loading available Gradle versions] INFO  o.e.b.c.i.u.g.PublishedGradleVersions - Gradle version information cache is out-of-date. Trying to update.
2020-08-20 10:26:43,796 [Worker-3: Loading available Gradle versions] INFO  o.e.b.c.i.u.g.PublishedGradleVersions - Gradle version information cache is up-to-date. Trying to read.
2020-08-20 11:01:29,475 [Worker-6: Loading available Gradle versions] INFO  o.e.b.c.i.u.g.PublishedGradleVersions - Gradle version information cache is up-to-date. Trying to read.
2020-08-20 11:08:30,130 [Worker-5: Loading available Gradle versions] INFO  o.e.b.c.i.u.g.PublishedGradleVersions - Gradle version information cache is up-to-date. Trying to read.
2020-08-20 11:11:34,336 [Worker-0: Loading available Gradle versions] INFO  o.e.b.c.i.u.g.PublishedGradleVersions - Gradle version information cache is up-to-date. Trying to read.
2020-08-20 11:15:02,350 [Worker-0: Loading available Gradle versions] INFO  o.e.b.c.i.u.g.PublishedGradleVersions - Gradle version information cache is up-to-date. Trying to read.
2020-08-20 11:41:32,647 [Worker-10: Loading available Gradle versions] INFO  o.e.b.c.i.u.g.PublishedGradleVersions - Gradle version information cache is up-to-date. Trying to read.
2020-08-20 11:45:17,744 [Worker-2: Loading available Gradle versions] INFO  o.e.b.c.i.u.g.PublishedGradleVersions - Gradle version information cache is up-to-date. Trying to read.
2020-08-20 11:49:13,237 [Worker-4: Loading available Gradle versions] INFO  o.e.b.c.i.u.g.PublishedGradleVersions - Gradle version information cache is up-to-date. Trying to read.
2020-08-20 11:51:33,174 [Worker-5: Loading available Gradle versions] INFO  o.e.b.c.i.u.g.PublishedGradleVersions - Gradle version information cache is up-to-date. Trying to read.
2020-08-20 11:52:47,874 [Worker-5: Loading available Gradle versions] INFO  o.e.b.c.i.u.g.PublishedGradleVersions - Gradle version information cache is up-to-date. Trying to read.
2020-08-20 11:56:53,812 [Worker-6: Loading available Gradle versions] INFO  o.e.b.c.i.u.g.PublishedGradleVersions - Gradle version information cache is up-to-date. Trying to read.
2020-08-20 12:00:41,969 [Worker-4: Loading available Gradle versions] INFO  o.e.b.c.i.u.g.PublishedGradleVersions - Gradle version information cache is up-to-date. Trying to read.
2020-08-21 09:09:04,924 [Worker-6: Loading available Gradle versions] INFO  o.e.b.c.i.u.g.PublishedGradleVersions - Gradle version information cache is up-to-date. Trying to read.
2020-08-21 16:16:26,500 [Worker-5: Loading available Gradle versions] INFO  o.e.b.c.i.u.g.PublishedGradleVersions - Gradle version information cache is out-of-date. Trying to update.
2020-08-21 19:53:34,491 [Worker-5: Loading available Gradle versions] INFO  o.e.b.c.i.u.g.PublishedGradleVersions - Gradle version information cache is up-to-date. Trying to read.
2020-08-24 09:13:59,896 [Worker-3: Loading available Gradle versions] INFO  o.e.b.c.i.u.g.PublishedGradleVersions - Gradle version information cache is out-of-date. Trying to update.
2020-08-24 17:46:01,168 [Worker-2: Loading available Gradle versions] INFO  o.e.b.c.i.u.g.PublishedGradleVersions - Gradle version information cache is up-to-date. Trying to read.
2020-08-24 23:39:10,112 [Worker-5: Loading available Gradle versions] INFO  o.e.b.c.i.u.g.PublishedGradleVersions - Gradle version information cache is up-to-date. Trying to read.
2020-08-25 06:15:36,246 [Worker-6: Loading available Gradle versions] INFO  o.e.b.c.i.u.g.PublishedGradleVersions - Gradle version information cache is up-to-date. Trying to read.
2020-08-25 09:13:46,366 [Worker-6: Loading available Gradle versions] INFO  o.e.b.c.i.u.g.PublishedGradleVersions - Gradle version information cache is up-to-date. Trying to read.
2020-08-25 17:54:36,380 [Worker-4: Loading available Gradle versions] INFO  o.e.b.c.i.u.g.PublishedGradleVersions - Gradle version information cache is out-of-date. Trying to update.
2020-08-27 09:10:18,224 [Worker-2: Loading available Gradle versions] INFO  o.e.b.c.i.u.g.PublishedGradleVersions - Gradle version information cache is out-of-date. Trying to update.
2020-08-27 09:10:29,533 [Worker-2: Loading available Gradle versions] INFO  o.e.b.c.i.u.g.PublishedGradleVersions - Updating Gradle version information cache failed. Using outdated cache.
2020-08-27 16:17:14,718 [main] INFO  org.eclipse.jetty.util.log - Logging initialized @25643658ms to org.eclipse.jetty.util.log.Slf4jLog
2020-08-27 16:17:14,943 [main] INFO  org.eclipse.jetty.server.Server - jetty-9.4.29.v20200521; built: 2020-05-27T11:26:53.365Z; git: 77c232aed8a45c818fd27232278d9f95a021095e; jvm 1.8.0_261-b12
2020-08-27 16:17:14,967 [main] INFO  org.eclipse.jetty.server.session - DefaultSessionIdManager workerName=node0
2020-08-27 16:17:14,967 [main] INFO  org.eclipse.jetty.server.session - No SessionScavenger set, using defaults
2020-08-27 16:17:14,968 [main] INFO  org.eclipse.jetty.server.session - node0 Scavenging every 600000ms
2020-08-27 16:17:15,009 [main] INFO  o.e.j.server.handler.ContextHandler - Started o.e.j.s.ServletContextHandler@44ed221a{/wse,null,AVAILABLE}
2020-08-27 16:17:15,036 [main] INFO  o.e.jetty.server.AbstractConnector - Started ServerConnector@46dc74f2{HTTP/1.1, (http/1.1)}{0.0.0.0:52171}
2020-08-27 16:17:15,036 [main] INFO  org.eclipse.jetty.server.Server - Started @25643986ms
2020-08-27 16:17:15,036 [main] INFO  org.eclipse.jetty.server.session - node0 Scavenging every 660000ms
2020-08-27 20:03:57,512 [Framework stop - Equinox Container: 890cd4df-dad3-47d2-9ffe-31a4d251b51b] INFO  o.e.jetty.server.AbstractConnector - Stopped ServerConnector@46dc74f2{HTTP/1.1, (http/1.1)}{0.0.0.0:0}
2020-08-27 20:03:57,513 [Framework stop - Equinox Container: 890cd4df-dad3-47d2-9ffe-31a4d251b51b] INFO  org.eclipse.jetty.server.session - node0 Stopped scavenging
2020-08-27 20:03:57,526 [Framework stop - Equinox Container: 890cd4df-dad3-47d2-9ffe-31a4d251b51b] INFO  o.e.j.server.handler.ContextHandler - Stopped o.e.j.s.ServletContextHandler@44ed221a{/wse,null,UNAVAILABLE}
2020-08-28 09:12:13,300 [Worker-6: Loading available Gradle versions] INFO  o.e.b.c.i.u.g.PublishedGradleVersions - Gradle version information cache is up-to-date. Trying to read.
2020-08-28 17:19:14,953 [Worker-2: Loading available Gradle versions] INFO  o.e.b.c.i.u.g.PublishedGradleVersions - Gradle version information cache is up-to-date. Trying to read.
2020-08-28 17:30:50,750 [Worker-5: Loading available Gradle versions] INFO  o.e.b.c.i.u.g.PublishedGradleVersions - Gradle version information cache is up-to-date. Trying to read.
2020-08-29 18:12:07,182 [Worker-3: Loading available Gradle versions] INFO  o.e.b.c.i.u.g.PublishedGradleVersions - Gradle version information cache is out-of-date. Trying to update.
2020-08-30 11:43:56,504 [Worker-7: Loading available Gradle versions] INFO  o.e.b.c.i.u.g.PublishedGradleVersions - Gradle version information cache is up-to-date. Trying to read.
2020-08-30 18:41:25,822 [Worker-3: Loading available Gradle versions] INFO  o.e.b.c.i.u.g.PublishedGradleVersions - Gradle version information cache is up-to-date. Trying to read.
2020-08-30 18:50:21,934 [Worker-5: Loading available Gradle versions] INFO  o.e.b.c.i.u.g.PublishedGradleVersions - Gradle version information cache is up-to-date. Trying to read.
2020-08-31 09:14:55,046 [Worker-1: Loading available Gradle versions] INFO  o.e.b.c.i.u.g.PublishedGradleVersions - Gradle version information cache is up-to-date. Trying to read.
2020-09-01 08:53:20,731 [Worker-0: Loading available Gradle versions] INFO  o.e.b.c.i.u.g.PublishedGradleVersions - Gradle version information cache is out-of-date. Trying to update.
2020-09-03 09:03:00,949 [Worker-3: Loading available Gradle versions] INFO  o.e.b.c.i.u.g.PublishedGradleVersions - Gradle version information cache is out-of-date. Trying to update.
2020-09-03 15:59:26,838 [main] INFO  org.eclipse.jetty.util.log - Logging initialized @25083145ms to org.eclipse.jetty.util.log.Slf4jLog
2020-09-03 15:59:27,093 [main] INFO  org.eclipse.jetty.server.Server - jetty-9.4.29.v20200521; built: 2020-05-27T11:26:53.365Z; git: 77c232aed8a45c818fd27232278d9f95a021095e; jvm 1.8.0_261-b12
2020-09-03 15:59:27,124 [main] INFO  org.eclipse.jetty.server.session - DefaultSessionIdManager workerName=node0
2020-09-03 15:59:27,124 [main] INFO  org.eclipse.jetty.server.session - No SessionScavenger set, using defaults
2020-09-03 15:59:27,125 [main] INFO  org.eclipse.jetty.server.session - node0 Scavenging every 660000ms
2020-09-03 15:59:27,162 [main] INFO  o.e.j.server.handler.ContextHandler - Started o.e.j.s.ServletContextHandler@db900c{/wse,null,AVAILABLE}
2020-09-03 15:59:27,189 [main] INFO  o.e.jetty.server.AbstractConnector - Started ServerConnector@3e68ce93{HTTP/1.1, (http/1.1)}{0.0.0.0:60042}
2020-09-03 15:59:27,189 [main] INFO  org.eclipse.jetty.server.Server - Started @25083505ms
2020-09-03 15:59:27,189 [main] INFO  org.eclipse.jetty.server.session - node0 Scavenging every 660000ms
2020-09-03 18:15:53,687 [Framework stop - Equinox Container: ddbcfdbb-e9b3-4a0f-8847-3f8091c0e2dd] INFO  o.e.jetty.server.AbstractConnector - Stopped ServerConnector@3e68ce93{HTTP/1.1, (http/1.1)}{0.0.0.0:0}
2020-09-03 18:15:53,688 [Framework stop - Equinox Container: ddbcfdbb-e9b3-4a0f-8847-3f8091c0e2dd] INFO  org.eclipse.jetty.server.session - node0 Stopped scavenging
2020-09-03 18:15:53,702 [Framework stop - Equinox Container: ddbcfdbb-e9b3-4a0f-8847-3f8091c0e2dd] INFO  o.e.j.server.handler.ContextHandler - Stopped o.e.j.s.ServletContextHandler@db900c{/wse,null,UNAVAILABLE}
2020-09-03 20:17:43,866 [Worker-2: Loading available Gradle versions] INFO  o.e.b.c.i.u.g.PublishedGradleVersions - Gradle version information cache is up-to-date. Trying to read.
2020-09-04 08:59:08,285 [Worker-4: Loading available Gradle versions] INFO  o.e.b.c.i.u.g.PublishedGradleVersions - Gradle version information cache is up-to-date. Trying to read.
2020-09-13 18:36:56,656 [Worker-6: Loading available Gradle versions] INFO  o.e.b.c.i.u.g.PublishedGradleVersions - Gradle version information cache is out-of-date. Trying to update.
2020-09-13 18:36:56,765 [Worker-6: Loading available Gradle versions] INFO  o.e.b.c.i.u.g.PublishedGradleVersions - Updating Gradle version information cache failed. Using outdated cache.
